2015-11-23 10:06:24.306/1.970 Oracle Coherence 12.1.3.0.0 <Info> (thread=main, member=n/a): Loaded operational configuration from "jar:file:/D:/Oracle/Middleware/Oracle_Home/coherence/lib/coherence.jar!/tangosol-coherence.xml"
2015-11-23 10:06:24.392/2.056 Oracle Coherence 12.1.3.0.0 <Info> (thread=main, member=n/a): Loaded operational overrides from "jar:file:/D:/Oracle/Middleware/Oracle_Home/coherence/lib/coherence.jar!/tangosol-coherence-override-dev.xml"
2015-11-23 10:06:24.395/2.059 Oracle Coherence 12.1.3.0.0 <D5> (thread=main, member=n/a): Optional configuration override "/tangosol-coherence-override.xml" is not specified
2015-11-23 10:06:24.400/2.064 Oracle Coherence 12.1.3.0.0 <D5> (thread=main, member=n/a): Optional configuration override "cache-factory-config.xml" is not specified
2015-11-23 10:06:24.402/2.066 Oracle Coherence 12.1.3.0.0 <D5> (thread=main, member=n/a): Optional configuration override "cache-factory-builder-config.xml" is not specified
2015-11-23 10:06:24.405/2.069 Oracle Coherence 12.1.3.0.0 <D5> (thread=main, member=n/a): Optional configuration override "/custom-mbeans.xml" is not specified

Oracle Coherence Version 12.1.3.0.0 Build 52031
 Grid Edition: Development mode
Copyright (c) 2000, 2014, Oracle and/or its affiliates. All rights reserved.

2015-11-23 10:06:24.521/2.185 Oracle Coherence GE 12.1.3.0.0 <Info> (thread=main, member=n/a): Created cache factory com.tangosol.net.DefaultConfigurableCacheFactory
Nov 23, 2015 10:06:25 AM oracle.fabric.common.wsdl.SchemaManager isIncrementalBuildSupported
INFO: XMLSchema incremental build enabled.
null
java.lang.NullPointerException
	at oracle.soa.scac.ValidateComposite.checkBindingInWsdlManager(ValidateComposite.java:382)
	at oracle.soa.scac.ValidateComposite.validateBindings(ValidateComposite.java:964)
	at oracle.soa.scac.ValidateComposite.validateReferences(ValidateComposite.java:1150)
	at oracle.soa.scac.ValidateComposite.doValidation0(ValidateComposite.java:520)
	at oracle.soa.scac.ValidateComposite.doValidation(ValidateComposite.java:501)
	at oracle.soa.scac.ValidateComposite.run0(ValidateComposite.java:219)
	at oracle.soa.scac.ValidateComposite.run(ValidateComposite.java:200)
	at oracle.soa.scac.ValidateComposite.main(ValidateComposite.java:192)
